<?xml version="1.0" encoding="UTF-8"?>
<!-- Generated by org.testng.reporters.JUnitXMLReporter -->
<testsuite hostname="SravanReddy" ignored="0" name="Default test" tests="4" failures="0" timestamp="17 Mar 2020 11:20:38 GMT" time="17.304" errors="0">
  <testcase name="loginMethod" time="8.258" classname="org.seleniumtestng.SampleTestCases"/>
  <testcase name="fromCity" time="0.108" classname="org.seleniumtestng.SampleTestCases"/>
  <testcase name="noOfPass" time="0.094" classname="org.seleniumtestng.SampleTestCases"/>
  <testcase name="fromDayMonth" time="0.197" classname="org.seleniumtestng.SampleTestCases"/>
</testsuite> <!-- Default test -->
