<?xml version="1.0" encoding="UTF-8"?>
<!-- Generated by org.testng.reporters.JUnitXMLReporter -->
<testsuite hostname="SravanReddy" ignored="0" name="Default test" tests="6" failures="0" timestamp="19 Mar 2020 09:29:26 GMT" time="15.863" errors="0">
  <testcase name="tc01LaunchURL" time="10.884" classname="org.seleniumtestng.GroupsExample"/>
  <testcase name="tc02VerifyLaunchPage" time="0.066" classname="org.seleniumtestng.GroupsExample"/>
  <testcase name="tc03EnterCredentials" time="2.415" classname="org.seleniumtestng.GroupsExample"/>
  <testcase name="tc04VerifyHyperlinks" time="1.642" classname="org.seleniumtestng.GroupsExample"/>
  <testcase name="tc05AcceptPopup" time="0.024" classname="org.seleniumtestng.GroupsExample"/>
  <testcase name="tc06closeExecution" time="0.773" classname="org.seleniumtestng.GroupsExample"/>
</testsuite> <!-- Default test -->
