<?xml version="1.0" encoding="UTF-8"?>
<!-- Generated by org.testng.reporters.JUnitXMLReporter -->
<testsuite hostname="SravanReddy" name="parallel_testing" tests="7" failures="0" timestamp="22 Mar 2020 13:40:10 GMT" time="40.317" errors="0">
  <testcase name="loginMethod" time="10.07" classname="org.seleniumtestng.SampleTestCases"/>
  <testcase name="fromCity" time="0.161" classname="org.seleniumtestng.SampleTestCases"/>
  <testcase name="noOfPass" time="0.158" classname="org.seleniumtestng.SampleTestCases"/>
  <testcase name="fromDayMonth" time="0.264" classname="org.seleniumtestng.SampleTestCases"/>
  <testcase name="a_executSessionOne" time="12.075" classname="org.seleniumtestng.ParallelTesting"/>
  <testcase name="b_executeSessionTwo" time="9.143" classname="org.seleniumtestng.ParallelTesting"/>
  <testcase name="c_executSessionThree" time="10.428" classname="org.seleniumtestng.ParallelTesting"/>
</testsuite> <!-- parallel_testing -->
