<?xml version="1.0" encoding="UTF-8"?>
<!-- Generated by org.testng.reporters.JUnitXMLReporter -->
<testsuite hostname="SravanReddy" name="parallel_testing" tests="3" failures="0" timestamp="22 Mar 2020 13:48:49 GMT" time="19.076" errors="0">
  <testcase name="a_executSessionOne" time="15.664" classname="org.seleniumtestng.ParallelTesting"/>
  <testcase name="b_executeSessionTwo" time="15.741" classname="org.seleniumtestng.ParallelTesting"/>
  <testcase name="c_executSessionThree" time="19.043" classname="org.seleniumtestng.ParallelTesting"/>
</testsuite> <!-- parallel_testing -->
