<?xml version="1.0" encoding="UTF-8"?>
<testng-results skipped="0" failed="0" total="5" passed="5">
  <reporter-output>
  </reporter-output>
  <suite name="Suite" duration-ms="16699" started-at="2020-03-19T11:05:52Z" finished-at="2020-03-19T11:06:08Z">
    <groups>
      <group name="one">
        <method signature="GroupsExample.tc01LaunchURL()[pri:0, instance:org.seleniumtestng.GroupsExample@643b1d11]" name="tc01LaunchURL" class="org.seleniumtestng.GroupsExample"/>
        <method signature="GroupsExample.tc02VerifyLaunchPage()[pri:0, instance:org.seleniumtestng.GroupsExample@643b1d11]" name="tc02VerifyLaunchPage" class="org.seleniumtestng.GroupsExample"/>
        <method signature="GroupsExample.tc03EnterCredentials()[pri:0, instance:org.seleniumtestng.GroupsExample@643b1d11]" name="tc03EnterCredentials" class="org.seleniumtestng.GroupsExample"/>
        <method signature="GroupsExample.tc04VerifyHyperlinks()[pri:0, instance:org.seleniumtestng.GroupsExample@643b1d11]" name="tc04VerifyHyperlinks" class="org.seleniumtestng.GroupsExample"/>
        <method signature="GroupsExample.tc06closeExecution()[pri:0, instance:org.seleniumtestng.GroupsExample@643b1d11]" name="tc06closeExecution" class="org.seleniumtestng.GroupsExample"/>
      </group> <!-- one -->
      <group name="two">
        <method signature="GroupsExample.tc01LaunchURL()[pri:0, instance:org.seleniumtestng.GroupsExample@643b1d11]" name="tc01LaunchURL" class="org.seleniumtestng.GroupsExample"/>
        <method signature="GroupsExample.tc03EnterCredentials()[pri:0, instance:org.seleniumtestng.GroupsExample@643b1d11]" name="tc03EnterCredentials" class="org.seleniumtestng.GroupsExample"/>
        <method signature="GroupsExample.tc04VerifyHyperlinks()[pri:0, instance:org.seleniumtestng.GroupsExample@643b1d11]" name="tc04VerifyHyperlinks" class="org.seleniumtestng.GroupsExample"/>
        <method signature="GroupsExample.tc06closeExecution()[pri:0, instance:org.seleniumtestng.GroupsExample@643b1d11]" name="tc06closeExecution" class="org.seleniumtestng.GroupsExample"/>
      </group> <!-- two -->
    </groups>
    <test name="Test" duration-ms="16699" started-at="2020-03-19T11:05:52Z" finished-at="2020-03-19T11:06:08Z">
      <class name="org.seleniumtestng.GroupsExample">
        <test-method status="PASS" signature="tc01LaunchURL()[pri:0, instance:org.seleniumtestng.GroupsExample@643b1d11]" name="tc01LaunchURL" duration-ms="11706" started-at="2020-03-19T16:35:52Z" finished-at="2020-03-19T16:36:03Z">
          <reporter-output>
          </reporter-output>
        </test-method> <!-- tc01LaunchURL -->
        <test-method status="PASS" signature="tc02VerifyLaunchPage()[pri:0, instance:org.seleniumtestng.GroupsExample@643b1d11]" name="tc02VerifyLaunchPage" duration-ms="73" started-at="2020-03-19T16:36:03Z" finished-at="2020-03-19T16:36:03Z">
          <reporter-output>
          </reporter-output>
        </test-method> <!-- tc02VerifyLaunchPage -->
        <test-method status="PASS" signature="tc03EnterCredentials()[pri:0, instance:org.seleniumtestng.GroupsExample@643b1d11]" name="tc03EnterCredentials" duration-ms="2416" started-at="2020-03-19T16:36:03Z" finished-at="2020-03-19T16:36:06Z">
          <reporter-output>
          </reporter-output>
        </test-method> <!-- tc03EnterCredentials -->
        <test-method status="PASS" signature="tc04VerifyHyperlinks()[pri:0, instance:org.seleniumtestng.GroupsExample@643b1d11]" name="tc04VerifyHyperlinks" duration-ms="1812" started-at="2020-03-19T16:36:06Z" finished-at="2020-03-19T16:36:08Z">
          <reporter-output>
          </reporter-output>
        </test-method> <!-- tc04VerifyHyperlinks -->
        <test-method status="PASS" signature="tc06closeExecution()[pri:0, instance:org.seleniumtestng.GroupsExample@643b1d11]" name="tc06closeExecution" duration-ms="651" started-at="2020-03-19T16:36:08Z" finished-at="2020-03-19T16:36:08Z">
          <reporter-output>
          </reporter-output>
        </test-method> <!-- tc06closeExecution -->
      </class> <!-- org.seleniumtestng.GroupsExample -->
    </test> <!-- Test -->
  </suite> <!-- Suite -->
</testng-results>
