<?xml version="1.0" encoding="UTF-8"?>
<testng-results skipped="0" failed="0" total="7" passed="7">
  <reporter-output>
  </reporter-output>
  <suite name="Suite" duration-ms="40317" started-at="2020-03-22T13:39:29Z" finished-at="2020-03-22T13:40:10Z">
    <groups>
    </groups>
    <test name="parallel_testing" duration-ms="40317" started-at="2020-03-22T13:39:29Z" finished-at="2020-03-22T13:40:10Z">
      <class name="org.seleniumtestng.SampleTestCases">
        <test-method status="PASS" signature="launchBrowser()[pri:0, instance:org.seleniumtestng.SampleTestCases@51081592]" name="launchBrowser" is-config="true" duration-ms="4310" started-at="2020-03-22T19:09:29Z" finished-at="2020-03-22T19:09:34Z">
          <reporter-output>
          </reporter-output>
        </test-method> <!-- launchBrowser -->
        <test-method status="PASS" signature="loginMethod()[pri:0, instance:org.seleniumtestng.SampleTestCases@51081592]" name="loginMethod" duration-ms="10070" started-at="2020-03-22T19:09:34Z" finished-at="2020-03-22T19:09:44Z">
          <reporter-output>
          </reporter-output>
        </test-method> <!-- loginMethod -->
        <test-method status="PASS" signature="fromCity()[pri:1, instance:org.seleniumtestng.SampleTestCases@51081592]" name="fromCity" duration-ms="161" started-at="2020-03-22T19:09:44Z" finished-at="2020-03-22T19:09:44Z">
          <reporter-output>
          </reporter-output>
        </test-method> <!-- fromCity -->
        <test-method status="PASS" signature="noOfPass()[pri:2, instance:org.seleniumtestng.SampleTestCases@51081592]" name="noOfPass" duration-ms="158" started-at="2020-03-22T19:09:44Z" finished-at="2020-03-22T19:09:44Z">
          <reporter-output>
          </reporter-output>
        </test-method> <!-- noOfPass -->
        <test-method status="PASS" signature="fromDayMonth()[pri:3, instance:org.seleniumtestng.SampleTestCases@51081592]" name="fromDayMonth" duration-ms="264" started-at="2020-03-22T19:09:44Z" finished-at="2020-03-22T19:09:44Z">
          <reporter-output>
          </reporter-output>
        </test-method> <!-- fromDayMonth -->
        <test-method status="PASS" signature="wrapUp()[pri:0, instance:org.seleniumtestng.SampleTestCases@51081592]" name="wrapUp" is-config="true" duration-ms="4326" started-at="2020-03-22T19:10:05Z" finished-at="2020-03-22T19:10:10Z">
          <reporter-output>
          </reporter-output>
        </test-method> <!-- wrapUp -->
      </class> <!-- org.seleniumtestng.SampleTestCases -->
      <class name="org.seleniumtestng.ParallelTesting">
        <test-method status="PASS" signature="a_executSessionOne()[pri:0, instance:org.seleniumtestng.ParallelTesting@7f9a81e8]" name="a_executSessionOne" duration-ms="12075" started-at="2020-03-22T19:09:34Z" finished-at="2020-03-22T19:09:46Z">
          <reporter-output>
          </reporter-output>
        </test-method> <!-- a_executSessionOne -->
        <test-method status="PASS" signature="b_executeSessionTwo()[pri:0, instance:org.seleniumtestng.ParallelTesting@7f9a81e8]" name="b_executeSessionTwo" duration-ms="9143" started-at="2020-03-22T19:09:46Z" finished-at="2020-03-22T19:09:55Z">
          <reporter-output>
          </reporter-output>
        </test-method> <!-- b_executeSessionTwo -->
        <test-method status="PASS" signature="c_executSessionThree()[pri:0, instance:org.seleniumtestng.ParallelTesting@7f9a81e8]" name="c_executSessionThree" duration-ms="10428" started-at="2020-03-22T19:09:55Z" finished-at="2020-03-22T19:10:05Z">
          <reporter-output>
          </reporter-output>
        </test-method> <!-- c_executSessionThree -->
      </class> <!-- org.seleniumtestng.ParallelTesting -->
    </test> <!-- parallel_testing -->
  </suite> <!-- Suite -->
</testng-results>
